konstantinos.dimou@l1s5xtn2-ath ~/git/kostasdimou/MultiMobile
17:21:08 $ javac MutiMobile.java 
konstantinos.dimou@l1s5xtn2-ath ~/git/kostasdimou/MultiMobile
17:23:38 $ java MultiMobile
time: 1000
SMS: 100
-----------Fixed-----------
Time:  1000
SMS:   100
Cost:  20.0
Fee:   1.0
Vat:   504.0
Total: 525.0

-----------Free-----------
Time:  1000
SMS:   100
Cost:  28.0
Fee:   1.4000000000000001
Vat:   705.5999999999999
Total: 734.9999999999999

time: 2000
SMS: 0
-----------Fixed-----------
Time:  2000
SMS:   0
Cost:  32.0
Fee:   1.6
Vat:   806.4000000000001
Total: 840.0000000000001

-----------Free-----------
Time:  2000
SMS:   0
Cost:  40.0
Fee:   2.0
Vat:   1008.0
Total: 1050.0

time: 0   
SMS: 200
-----------Fixed-----------
Time:  0
SMS:   200
Cost:  28.0
Fee:   1.4000000000000001
Vat:   705.5999999999999
Total: 734.9999999999999

-----------Free-----------
Time:  0
SMS:   200
Cost:  16.0
Fee:   0.8
Vat:   403.20000000000005
Total: 420.00000000000006

time: 1500
SMS: 50
-----------Fixed-----------
Time:  1500
SMS:   50
Cost:  26.0
Fee:   1.3
Vat:   655.2
Total: 682.5

-----------Free-----------
Time:  1500
SMS:   50
Cost:  34.0
Fee:   1.7000000000000002
Vat:   856.8000000000001
Total: 892.5000000000001

time: 500
SMS: 150
-----------Fixed-----------
Time:  500
SMS:   150
Cost:  24.0
Fee:   1.2000000000000002
Vat:   604.8
Total: 630.0

-----------Free-----------
Time:  500
SMS:   150
Cost:  22.0
Fee:   1.1
Vat:   554.4000000000001
Total: 577.5000000000001

1st maximum difference 314.99999999999983 at position 2
2nd maximum difference 210.0000000000001 at position 3
